E:\WORKSPACE\TRADECENTER\TRADECENTER\RELEASE\MARKETINTERFACE.OBJ
E:\WORKSPACE\TRADECENTER\TRADECENTER\RELEASE\MARKETQUERYREQUEST.OBJ
E:\WORKSPACE\TRADECENTER\TRADECENTER\RELEASE\TRADEAPPLICATION.OBJ
E:\WORKSPACE\TRADECENTER\TRADECENTER\RELEASE\TRADEBASE.OBJ
E:\WORKSPACE\TRADECENTER\TRADECENTER\RELEASE\TRADECENTER.OBJ
E:\WORKSPACE\TRADECENTER\TRADECENTER\RELEASE\VC110.PDB
E:\WORKSPACE\TRADECENTER\RELEASE\TRADECENTER.LIB
E:\Workspace\TradeCenter\TradeCenter\Release\MarketInterface.obj
E:\Workspace\TradeCenter\TradeCenter\Release\MarketQueryRequest.obj
E:\Workspace\TradeCenter\TradeCenter\Release\TradeApplication.obj
E:\Workspace\TradeCenter\TradeCenter\Release\TradeBase.obj
E:\Workspace\TradeCenter\TradeCenter\Release\TradeCenter.obj
E:\Workspace\TradeCenter\TradeCenter\Release\cl.command.1.tlog
E:\Workspace\TradeCenter\TradeCenter\Release\CL.read.1.tlog
E:\Workspace\TradeCenter\TradeCenter\Release\CL.write.1.tlog
E:\Workspace\TradeCenter\TradeCenter\Release\Lib-link.read.1.tlog
E:\Workspace\TradeCenter\TradeCenter\Release\Lib-link.write.1.tlog
E:\Workspace\TradeCenter\TradeCenter\Release\lib.command.1.tlog
E:\Workspace\TradeCenter\TradeCenter\Release\vc110.idb
E:\Workspace\TradeCenter\TradeCenter\Release\vc110.pdb
E:\Workspace\TradeCenter\Release\TradeCenter.lib
