E:\WORKSPACE\TRADECENTER\TRADESTRATEGYDEMO\RELEASE\DEMO.OBJ
E:\WORKSPACE\TRADECENTER\TRADESTRATEGYDEMO\RELEASE\VC110.PDB
E:\WORKSPACE\TRADECENTER\RELEASE\TRADESTRATEGYDEMO.ILK
E:\WORKSPACE\TRADECENTER\RELEASE\TRADESTRATEGYDEMO.EXE
E:\WORKSPACE\TRADECENTER\RELEASE\TRADESTRATEGYDEMO.PDB
E:\Workspace\TradeCenter\TradeStrategyDemo\Release\Demo.obj
E:\Workspace\TradeCenter\TradeStrategyDemo\Release\cl.command.1.tlog
E:\Workspace\TradeCenter\TradeStrategyDemo\Release\CL.read.1.tlog
E:\Workspace\TradeCenter\TradeStrategyDemo\Release\CL.write.1.tlog
E:\Workspace\TradeCenter\TradeStrategyDemo\Release\link-cvtres.read.1.tlog
E:\Workspace\TradeCenter\TradeStrategyDemo\Release\link-cvtres.write.1.tlog
E:\Workspace\TradeCenter\TradeStrategyDemo\Release\link-rc.read.1.tlog
E:\Workspace\TradeCenter\TradeStrategyDemo\Release\link-rc.write.1.tlog
E:\Workspace\TradeCenter\TradeStrategyDemo\Release\link.command.1.tlog
E:\Workspace\TradeCenter\TradeStrategyDemo\Release\link.read.1.tlog
E:\Workspace\TradeCenter\TradeStrategyDemo\Release\link.write.1.tlog
E:\Workspace\TradeCenter\TradeStrategyDemo\Release\vc110.idb
E:\Workspace\TradeCenter\TradeStrategyDemo\Release\vc110.pdb
E:\Workspace\TradeCenter\Release\TradeStrategyDemo.pdb
E:\Workspace\TradeCenter\Release\TradeStrategyDemo.exe
E:\Workspace\TradeCenter\Release\TradeStrategyDemo.ilk
